<?xml version="1.0" encoding="UTF-8"?>
<testng-results ignored="0" total="1" passed="1" failed="0" skipped="0">
  <reporter-output>
  </reporter-output>
  <suite started-at="2025-01-08T20:14:50 IST" name="Suite" finished-at="2025-01-08T20:15:14 IST" duration-ms="24514">
    <groups>
    </groups>
    <test started-at="2025-01-08T20:14:50 IST" name="Test" finished-at="2025-01-08T20:15:14 IST" duration-ms="24514">
      <class name="com.itlearn.testcases.PaymentTestCase">
        <test-method is-config="true" signature="setUp()[pri:0, instance:com.itlearn.testcases.PaymentTestCase@385e9564]" started-at="2025-01-08T20:14:50 IST" name="setUp" finished-at="2025-01-08T20:14:58 IST" duration-ms="7873" status="PASS">
          <reporter-output>
          </reporter-output>
        </test-method> <!-- setUp -->
        <test-method signature="testCourses()[pri:0, instance:com.itlearn.testcases.PaymentTestCase@385e9564]" started-at="2025-01-08T20:14:58 IST" name="testCourses" finished-at="2025-01-08T20:15:14 IST" duration-ms="15738" status="PASS">
          <reporter-output>
          </reporter-output>
        </test-method> <!-- testCourses -->
        <test-method is-config="true" signature="tearDown()[pri:0, instance:com.itlearn.testcases.PaymentTestCase@385e9564]" started-at="2025-01-08T20:15:14 IST" name="tearDown" finished-at="2025-01-08T20:15:14 IST" duration-ms="576" status="PASS">
          <reporter-output>
          </reporter-output>
        </test-method> <!-- tearDown -->
      </class> <!-- com.itlearn.testcases.PaymentTestCase -->
    </test> <!-- Test -->
  </suite> <!-- Suite -->
</testng-results>
